<?xml version="1.0" encoding="UTF-8"?>
<?xml-stylesheet type="text/xsl" href="ivy-report.xsl"?>
<ivy-report version="1.0">
	<info
		organisation="default"
		module="default-653065"
		revision="0.1-SNAPSHOT"
		extra-sbtVersion="0.12"
		extra-scalaVersion="2.9.2"
		conf="test"
		confs="compile, runtime, test, provided, optional, compile-internal, runtime-internal, test-internal, plugin, sources, docs, pom"
		date="20121219223415"/>
	<dependencies>
		<module organisation="org.ensime" name="ensime-sbt-cmd">
			<revision name="0.1.0" status="release" pubdate="20120805011056" resolver="public" artresolver="public" homepage="http://github.com/aemoncannon/ensime-sbt-cmd" extra-sbtVersion="0.12" extra-scalaVersion="2.9.2" downloaded="true" searched="true" default="false" conf="default(compile), default, compile, runtime, master" position="1">
				<license name="BSD-style" url="http://www.opensource.org/licenses/bsd-license.php"/>
				<metadata-artifact status="successful" details="" size="1847" time="287" location="/home/arsenij/.ivy2/cache/scala_2.9.2/sbt_0.12/org.ensime/ensime-sbt-cmd/ivy-0.1.0.xml" searched="true" original-local-location="/home/arsenij/.ivy2/cache/scala_2.9.2/sbt_0.12/org.ensime/ensime-sbt-cmd/ivy-0.1.0.xml.original" origin-is-local="false" origin-location="http://repo1.maven.org/maven2/org/ensime/ensime-sbt-cmd_2.9.2_0.12/0.1.0/ensime-sbt-cmd-0.1.0.pom"/>
				<caller organisation="default" name="default-653065" conf="test, compile, runtime" rev="0.1.0" rev-constraint-default="0.1.0" rev-constraint-dynamic="0.1.0" callerrev="0.1-SNAPSHOT" extra-sbtVersion="0.12" extra-scalaVersion="2.9.2"/>
				<caller organisation="default" name="default-196766" conf="compile" rev="0.0.10" rev-constraint-default="0.0.10" rev-constraint-dynamic="0.0.10" callerrev="0.0" extra-sbtVersion="0.12" extra-scalaVersion="2.9.2"/>
				<artifacts>
					<artifact name="ensime-sbt-cmd" type="jar" ext="jar" status="successful" details="" size="125451" time="1114" location="/home/arsenij/.ivy2/cache/scala_2.9.2/sbt_0.12/org.ensime/ensime-sbt-cmd/jars/ensime-sbt-cmd-0.1.0.jar">
						<origin-location is-local="false" location="http://repo1.maven.org/maven2/org/ensime/ensime-sbt-cmd_2.9.2_0.12/0.1.0/ensime-sbt-cmd-0.1.0.jar"/>
					</artifact>
				</artifacts>
			</revision>
			<revision name="0.0.10" evicted="latest-revision" evicted-reason="" extra-sbtVersion="0.12" extra-scalaVersion="2.9.2" downloaded="false" searched="false" conf="default(compile), default, compile, runtime, master" position="-1">
				<evicted-by rev="0.1.0"/>
				<caller organisation="default" name="default-196766" conf="compile" rev="0.0.10" rev-constraint-default="0.0.10" rev-constraint-dynamic="0.0.10" callerrev="0.0" extra-sbtVersion="0.12" extra-scalaVersion="2.9.2"/>
				<artifacts>
				</artifacts>
			</revision>
		</module>
		<module organisation="default" name="default-196766">
			<revision name="0.0" status="integration" pubdate="20121219223410" resolver="inter-project" artresolver="inter-project" extra-sbtVersion="0.12" extra-scalaVersion="2.9.2" downloaded="false" searched="false" default="false" conf="default(compile), compile" position="0">
				<metadata-artifact status="failed" details="" size="0" time="0" searched="false"/>
				<caller organisation="default" name="default-653065" conf="test, compile, runtime" rev="0.0" rev-constraint-default="0.0" rev-constraint-dynamic="0.0" callerrev="0.1-SNAPSHOT" extra-sbtVersion="0.12" extra-scalaVersion="2.9.2"/>
				<artifacts>
				</artifacts>
			</revision>
		</module>
		<module organisation="me.lessis" name="np">
			<revision name="0.2.0" status="release" pubdate="20120612021640" resolver="sbt-plugin-releases" artresolver="sbt-plugin-releases" homepage="https://github.com/softprops/np" extra-sbtVersion="0.12" extra-scalaVersion="2.9.2" downloaded="false" searched="false" default="false" conf="default(compile), compile" position="2">
				<license name="MIT" url="https://github.com/softprops/np/blob/0.2.0/LICENSE"/>
				<metadata-artifact status="no" details="" size="1919" time="0" location="/home/arsenij/.ivy2/cache/scala_2.9.2/sbt_0.12/me.lessis/np/ivy-0.2.0.xml" searched="false" origin-is-local="false" origin-location="http://scalasbt.artifactoryonline.com/scalasbt/sbt-plugin-releases/me.lessis/np/scala_2.9.2/sbt_0.12/0.2.0/ivys/ivy.xml"/>
				<caller organisation="default" name="default-196766" conf="compile" rev="0.2.0" rev-constraint-default="0.2.0" rev-constraint-dynamic="0.2.0" callerrev="0.0" extra-sbtVersion="0.12" extra-scalaVersion="2.9.2"/>
				<artifacts>
					<artifact name="np" type="jar" ext="jar" status="no" details="" size="46797" time="0" location="/home/arsenij/.ivy2/cache/scala_2.9.2/sbt_0.12/me.lessis/np/jars/np-0.2.0.jar">
						<origin-location is-local="false" location="http://scalasbt.artifactoryonline.com/scalasbt/sbt-plugin-releases/me.lessis/np/scala_2.9.2/sbt_0.12/0.2.0/jars/np.jar"/>
					</artifact>
				</artifacts>
			</revision>
		</module>
	</dependencies>
</ivy-report>
